<?xml version="1.0" encoding="UTF-8"?>
<testng-results skipped="0" failed="0" ignored="0" total="1" passed="1">
  <reporter-output>
  </reporter-output>
  <suite name="Default suite" duration-ms="18638" started-at="2020-11-17T18:59:41Z" finished-at="2020-11-17T19:00:00Z">
    <groups>
    </groups>
    <test name="Default test" duration-ms="18638" started-at="2020-11-17T18:59:41Z" finished-at="2020-11-17T19:00:00Z">
      <class name="studentPerspective.ViewGradebook">
        <test-method status="PASS" signature="assess()[pri:0, instance:studentPerspective.ViewGradebook@258e2e41]" name="assess" duration-ms="18597" started-at="2020-11-17T18:59:41Z" finished-at="2020-11-17T19:00:00Z">
          <reporter-output>
          </reporter-output>
        </test-method> <!-- assess -->
      </class> <!-- studentPerspective.ViewGradebook -->
    </test> <!-- Default test -->
  </suite> <!-- Default suite -->
</testng-results>
